Added Component: Designator=C1(C-0805)
Added Component: Designator=C2(C-0805)
Added Component: Designator=C3(C-TANT-7343-31-CASEA)
Added Component: Designator=C4(C-TANT-7343-31-CASEA)
Added Component: Designator=C5(C-0805)
Added Component: Designator=C6(C-0805)
Added Component: Designator=CN2(M3)
Added Component: Designator=CN3(M3)
Added Component: Designator=D1(D-DO214-AB)
Added Component: Designator=DB1(D-DB-1A-SMD)
Added Component: Designator=IC1(TO-263-5L)
Added Component: Designator=JP1(JP5)
Added Component: Designator=L1(L-SMD-10x10)
Added Component: Designator=R1(R-0805)
Added Component: Designator=R2(R-0805)
Added Component: Designator=R3(R-0805)
Added Component: Designator=R4(R-0805)
Added Component: Designator=U1(SOIC-18-W)
Added Component: Designator=Y1(XTAL-AB38T-SMD)
Added Pin To Net: NetName=+3V3 Pin=C4-1
Added Pin To Net: NetName=+3V3 Pin=C6-2
Added Pin To Net: NetName=+3V3 Pin=IC1-4
Added Pin To Net: NetName=+3V3 Pin=L1-2
Added Pin To Net: NetName=+3V3 Pin=R1-2
Added Pin To Net: NetName=+3V3 Pin=R2-2
Added Pin To Net: NetName=+3V3 Pin=R3-2
Added Pin To Net: NetName=+3V3 Pin=R4-2
Added Pin To Net: NetName=+3V3 Pin=U1-18
Added Net: Name=+3V3
Added Pin To Net: NetName=+12V Pin=C3-1
Added Pin To Net: NetName=+12V Pin=C5-2
Added Pin To Net: NetName=+12V Pin=DB1-3
Added Pin To Net: NetName=+12V Pin=IC1-1
Added Net: Name=+12V
Added Pin To Net: NetName=GND Pin=C1-1
Added Pin To Net: NetName=GND Pin=C2-1
Added Pin To Net: NetName=GND Pin=C3-2
Added Pin To Net: NetName=GND Pin=C4-2
Added Pin To Net: NetName=GND Pin=C5-1
Added Pin To Net: NetName=GND Pin=C6-1
Added Pin To Net: NetName=GND Pin=D1-1
Added Pin To Net: NetName=GND Pin=DB1-4
Added Pin To Net: NetName=GND Pin=IC1-3
Added Pin To Net: NetName=GND Pin=IC1-5
Added Pin To Net: NetName=GND Pin=IC1-HM
Added Pin To Net: NetName=GND Pin=U1-9
Added Net: Name=GND
Added Pin To Net: NetName=NetC1_2 Pin=C1-2
Added Pin To Net: NetName=NetC1_2 Pin=U1-7
Added Pin To Net: NetName=NetC1_2 Pin=Y1-1
Added Net: Name=NetC1_2
Added Pin To Net: NetName=NetC2_2 Pin=C2-2
Added Pin To Net: NetName=NetC2_2 Pin=U1-8
Added Pin To Net: NetName=NetC2_2 Pin=Y1-2
Added Net: Name=NetC2_2
Added Pin To Net: NetName=NetCN2_1 Pin=CN2-1
Added Pin To Net: NetName=NetCN2_1 Pin=DB1-2
Added Net: Name=NetCN2_1
Added Pin To Net: NetName=NetCN3_1 Pin=CN3-1
Added Pin To Net: NetName=NetCN3_1 Pin=DB1-1
Added Net: Name=NetCN3_1
Added Pin To Net: NetName=NetD1_2 Pin=D1-2
Added Pin To Net: NetName=NetD1_2 Pin=IC1-2
Added Pin To Net: NetName=NetD1_2 Pin=L1-1
Added Net: Name=NetD1_2
Added Pin To Net: NetName=NetJP1_1 Pin=JP1-1
Added Pin To Net: NetName=NetJP1_1 Pin=U1-16
Added Net: Name=NetJP1_1
Added Pin To Net: NetName=NetJP1_2 Pin=JP1-2
Added Pin To Net: NetName=NetJP1_2 Pin=U1-15
Added Net: Name=NetJP1_2
Added Pin To Net: NetName=NetJP1_3 Pin=JP1-3
Added Pin To Net: NetName=NetJP1_3 Pin=U1-14
Added Net: Name=NetJP1_3
Added Pin To Net: NetName=NetJP1_4 Pin=JP1-4
Added Pin To Net: NetName=NetJP1_4 Pin=U1-13
Added Net: Name=NetJP1_4
Added Pin To Net: NetName=NetJP1_5 Pin=JP1-5
Added Pin To Net: NetName=NetJP1_5 Pin=U1-12
Added Net: Name=NetJP1_5
Added Pin To Net: NetName=NetR1_1 Pin=R1-1
Added Pin To Net: NetName=NetR1_1 Pin=U1-6
Added Net: Name=NetR1_1
Added Pin To Net: NetName=NetR2_1 Pin=R2-1
Added Pin To Net: NetName=NetR2_1 Pin=U1-5
Added Net: Name=NetR2_1
Added Pin To Net: NetName=NetR3_1 Pin=R3-1
Added Pin To Net: NetName=NetR3_1 Pin=U1-4
Added Net: Name=NetR3_1
Added Pin To Net: NetName=NetR4_1 Pin=R4-1
Added Pin To Net: NetName=NetR4_1 Pin=U1-17
Added Net: Name=NetR4_1
Added Pin To Net: NetName=RXCAN Pin=U1-2
Added Net: Name=RXCAN
Added Pin To Net: NetName=TXCAN Pin=U1-1
Added Net: Name=TXCAN
Added Class: Name=CAN-SPI
